2021-05-04 00:14:39.584 WARN  [HikariPool-1 housekeeper] [com.zaxxer.hikari.pool.HikariPool] [] HikariPool-1 - Thread starvation or clock leap detected (housekeeper delta=42m57s867ms).
2021-05-04 00:32:28.939 WARN  [HikariPool-1 housekeeper] [com.zaxxer.hikari.pool.HikariPool] [] HikariPool-1 - Thread starvation or clock leap detected (housekeeper delta=17m49s355ms).
2021-05-04 00:48:43.073 WARN  [HikariPool-1 housekeeper] [com.zaxxer.hikari.pool.HikariPool] [] HikariPool-1 - Thread starvation or clock leap detected (housekeeper delta=15m44s129ms).
2021-05-04 01:06:05.105 WARN  [HikariPool-1 housekeeper] [com.zaxxer.hikari.pool.HikariPool] [] HikariPool-1 - Thread starvation or clock leap detected (housekeeper delta=16m52s26ms).
2021-05-04 01:22:27.230 WARN  [HikariPool-1 housekeeper] [com.zaxxer.hikari.pool.HikariPool] [] HikariPool-1 - Thread starvation or clock leap detected (housekeeper delta=15m52s119ms).
2021-05-04 01:40:51.133 WARN  [HikariPool-1 housekeeper] [com.zaxxer.hikari.pool.HikariPool] [] HikariPool-1 - Thread starvation or clock leap detected (housekeeper delta=18m23s903ms).
2021-05-04 01:57:35.260 WARN  [HikariPool-1 housekeeper] [com.zaxxer.hikari.pool.HikariPool] [] HikariPool-1 - Thread starvation or clock leap detected (housekeeper delta=16m14s126ms).
2021-05-04 02:14:19.368 WARN  [HikariPool-1 housekeeper] [com.zaxxer.hikari.pool.HikariPool] [] HikariPool-1 - Thread starvation or clock leap detected (housekeeper delta=16m14s101ms).
2021-05-04 02:33:08.408 WARN  [HikariPool-1 housekeeper] [com.zaxxer.hikari.pool.HikariPool] [] HikariPool-1 - Thread starvation or clock leap detected (housekeeper delta=18m19s30ms).
2021-05-04 02:48:42.600 WARN  [HikariPool-1 housekeeper] [com.zaxxer.hikari.pool.HikariPool] [] HikariPool-1 - Thread starvation or clock leap detected (housekeeper delta=15m34s192ms).
2021-05-04 03:05:39.479 WARN  [HikariPool-1 housekeeper] [com.zaxxer.hikari.pool.HikariPool] [] HikariPool-1 - Thread starvation or clock leap detected (housekeeper delta=16m26s879ms).
2021-05-04 03:23:19.463 WARN  [HikariPool-1 housekeeper] [com.zaxxer.hikari.pool.HikariPool] [] HikariPool-1 - Thread starvation or clock leap detected (housekeeper delta=17m9s976ms).
2021-05-04 03:40:18.516 WARN  [HikariPool-1 housekeeper] [com.zaxxer.hikari.pool.HikariPool] [] HikariPool-1 - Thread starvation or clock leap detected (housekeeper delta=16m29s53ms).
2021-05-04 04:00:40.108 WARN  [HikariPool-1 housekeeper] [com.zaxxer.hikari.pool.HikariPool] [] HikariPool-1 - Thread starvation or clock leap detected (housekeeper delta=20m21s592ms).
2021-05-04 04:02:57.904 WARN  [HikariPool-1 housekeeper] [com.zaxxer.hikari.pool.HikariPool] [] HikariPool-1 - Thread starvation or clock leap detected (housekeeper delta=1m17s787ms).
2021-05-04 05:51:00.160 WARN  [HikariPool-1 housekeeper] [com.zaxxer.hikari.pool.HikariPool] [] HikariPool-1 - Thread starvation or clock leap detected (housekeeper delta=1h47m32s253ms).
2021-05-04 07:39:15.297 WARN  [HikariPool-1 housekeeper] [com.zaxxer.hikari.pool.HikariPool] [] HikariPool-1 - Thread starvation or clock leap detected (housekeeper delta=1h47m45s132ms).
2021-05-04 08:45:23.805 WARN  [HikariPool-1 housekeeper] [com.zaxxer.hikari.pool.HikariPool] [] HikariPool-1 - Thread starvation or clock leap detected (housekeeper delta=1h3m38s494ms).
2021-05-04 09:40:53.019 INFO  [SpringContextShutdownHook] [org.springframework.scheduling.concurrent.ThreadPoolTaskExecutor] [] Shutting down ExecutorService 'applicationTaskExecutor'
2021-05-04 09:40:53.024 INFO  [SpringContextShutdownHook] [org.springframework.orm.jpa.LocalContainerEntityManagerFactoryBean] [] Closing JPA EntityManagerFactory for persistence unit 'default'
2021-05-04 09:40:53.038 INFO  [SpringContextShutdownHook] [org.hibernate.tool.schema.internal.SchemaDropperImpl$DelayedDropActionImpl] [] HHH000477: Starting delayed evictData of schema as part of SessionFactory shut-down'
2021-05-04 09:40:53.074 INFO  [SpringContextShutdownHook] [com.zaxxer.hikari.HikariDataSource] [] HikariPool-1 - Shutdown initiated...
2021-05-04 09:40:53.081 INFO  [SpringContextShutdownHook] [com.zaxxer.hikari.HikariDataSource] [] HikariPool-1 - Shutdown completed.
