2021-05-20 09:01:34.551 WARN  [HikariPool-1 housekeeper] [com.zaxxer.hikari.pool.HikariPool] [] HikariPool-1 - Thread starvation or clock leap detected (housekeeper delta=11h1m1s739ms).
2021-05-20 12:36:21.827 WARN  [HikariPool-1 housekeeper] [com.zaxxer.hikari.pool.HikariPool] [] HikariPool-1 - Thread starvation or clock leap detected (housekeeper delta=3h34m47s508ms).
2021-05-20 12:36:50.831 WARN  [HikariPool-1 housekeeper] [com.zaxxer.hikari.pool.HikariPool] [] HikariPool-1 - Retrograde clock change detected (housekeeper delta=29s4ms), soft-evicting connections from pool.
2021-05-20 14:50:43.202 INFO  [SpringContextShutdownHook] [org.springframework.scheduling.concurrent.ThreadPoolTaskExecutor] [] Shutting down ExecutorService 'applicationTaskExecutor'
2021-05-20 14:50:43.206 INFO  [SpringContextShutdownHook] [org.springframework.orm.jpa.LocalContainerEntityManagerFactoryBean] [] Closing JPA EntityManagerFactory for persistence unit 'default'
2021-05-20 14:50:43.211 INFO  [SpringContextShutdownHook] [org.hibernate.tool.schema.internal.SchemaDropperImpl$DelayedDropActionImpl] [] HHH000477: Starting delayed evictData of schema as part of SessionFactory shut-down'
2021-05-20 14:50:43.240 INFO  [SpringContextShutdownHook] [com.zaxxer.hikari.HikariDataSource] [] HikariPool-1 - Shutdown initiated...
2021-05-20 14:50:43.244 INFO  [SpringContextShutdownHook] [com.zaxxer.hikari.HikariDataSource] [] HikariPool-1 - Shutdown completed.
2021-05-20 14:51:43.912 INFO  [main] [com.sap.persistenceservicerefapp.PersistenceServiceRefAppApplication] [] Starting PersistenceServiceRefAppApplication on C02Z6178LVDR with PID 69704 (/Users/i518044/Documents/GitHub/persistence-service-ref-app/app/target/classes started by i518044 in /Users/i518044/Documents/GitHub/persistence-service-ref-app)
2021-05-20 14:51:43.916 INFO  [main] [com.sap.persistenceservicerefapp.PersistenceServiceRefAppApplication] [] No active profile set, falling back to default profiles: default
2021-05-20 14:51:44.673 INFO  [main] [org.springframework.data.repository.config.RepositoryConfigurationDelegate] [] Bootstrapping Spring Data JPA repositories in DEFAULT mode.
2021-05-20 14:51:44.784 INFO  [main] [org.springframework.data.repository.config.RepositoryConfigurationDelegate] [] Finished Spring Data repository scanning in 99ms. Found 3 JPA repository interfaces.
2021-05-20 14:51:45.260 INFO  [main] [org.springframework.boot.web.embedded.tomcat.TomcatWebServer] [] Tomcat initialized with port(s): 8080 (http)
2021-05-20 14:51:45.270 INFO  [main] [org.apache.coyote.http11.Http11NioProtocol] [] Initializing ProtocolHandler ["http-nio-8080"]
2021-05-20 14:51:45.271 INFO  [main] [org.apache.catalina.core.StandardService] [] Starting service [Tomcat]
2021-05-20 14:51:45.271 INFO  [main] [org.apache.catalina.core.StandardEngine] [] Starting Servlet engine: [Apache Tomcat/9.0.41]
2021-05-20 14:51:45.383 INFO  [main] [org.apache.catalina.core.ContainerBase.[Tomcat].[localhost].[/]] [] Initializing Spring embedded WebApplicationContext
2021-05-20 14:51:45.383 INFO  [main] [org.springframework.boot.web.servlet.context.ServletWebServerApplicationContext] [] Root WebApplicationContext: initialization completed in 1411 ms
2021-05-20 14:51:45.580 INFO  [main] [com.zaxxer.hikari.HikariDataSource] [] HikariPool-1 - Starting...
2021-05-20 14:51:45.870 INFO  [main] [com.zaxxer.hikari.HikariDataSource] [] HikariPool-1 - Start completed.
2021-05-20 14:51:45.936 INFO  [main] [org.hibernate.jpa.internal.util.LogHelper] [] HHH000204: Processing PersistenceUnitInfo [name: default]
2021-05-20 14:51:46.003 INFO  [main] [org.hibernate.Version] [] HHH000412: Hibernate ORM core version 5.4.25.Final
2021-05-20 14:51:46.203 INFO  [main] [org.hibernate.annotations.common.Version] [] HCANN000001: Hibernate Commons Annotations {5.1.2.Final}
2021-05-20 14:51:46.349 INFO  [main] [org.hibernate.dialect.Dialect] [] HHH000400: Using dialect: org.hibernate.dialect.H2Dialect
2021-05-20 14:51:47.012 INFO  [main] [org.hibernate.engine.transaction.jta.platform.internal.JtaPlatformInitiator] [] HHH000490: Using JtaPlatform implementation: [org.hibernate.engine.transaction.jta.platform.internal.NoJtaPlatform]
2021-05-20 14:51:47.020 INFO  [main] [org.springframework.orm.jpa.LocalContainerEntityManagerFactoryBean] [] Initialized JPA EntityManagerFactory for persistence unit 'default'
2021-05-20 14:51:47.048 ERROR [main] [com.sap.persistenceservicerefapp.config.TableSetup] [] Failed to get datasource
2021-05-20 14:51:47.048 ERROR [main] [com.sap.persistenceservicerefapp.config.TableSetup] [] null
2021-05-20 14:51:47.733 WARN  [main] [org.springframework.boot.autoconfigure.orm.jpa.JpaBaseConfiguration$JpaWebConfiguration] [] spring.jpa.open-in-view is enabled by default. Therefore, database queries may be performed during view rendering. Explicitly configure spring.jpa.open-in-view to disable this warning
2021-05-20 14:51:47.827 INFO  [main] [org.springframework.scheduling.concurrent.ThreadPoolTaskExecutor] [] Initializing ExecutorService 'applicationTaskExecutor'
2021-05-20 14:51:48.861 INFO  [main] [org.apache.coyote.http11.Http11NioProtocol] [] Starting ProtocolHandler ["http-nio-8080"]
2021-05-20 14:51:48.922 INFO  [main] [org.springframework.boot.web.embedded.tomcat.TomcatWebServer] [] Tomcat started on port(s): 8080 (http) with context path ''
2021-05-20 14:51:48.941 INFO  [main] [com.sap.persistenceservicerefapp.PersistenceServiceRefAppApplication] [] Started PersistenceServiceRefAppApplication in 5.952 seconds (JVM running for 6.494)
2021-05-20 14:52:02.950 INFO  [http-nio-8080-exec-1] [org.apache.catalina.core.ContainerBase.[Tomcat].[localhost].[/]] [] Initializing Spring DispatcherServlet 'dispatcherServlet'
2021-05-20 14:52:02.951 INFO  [http-nio-8080-exec-1] [org.springframework.web.servlet.DispatcherServlet] [] Initializing Servlet 'dispatcherServlet'
2021-05-20 14:52:02.957 INFO  [http-nio-8080-exec-1] [org.springframework.web.servlet.DispatcherServlet] [] Completed initialization in 6 ms
2021-05-20 14:52:03.636 INFO  [http-nio-8080-exec-5] [org.springdoc.api.AbstractOpenApiResource] [] Init duration for springdoc-openapi is: 257 ms
2021-05-20 14:52:54.595 INFO  [SpringContextShutdownHook] [org.springframework.scheduling.concurrent.ThreadPoolTaskExecutor] [] Shutting down ExecutorService 'applicationTaskExecutor'
2021-05-20 14:52:54.596 INFO  [SpringContextShutdownHook] [org.springframework.orm.jpa.LocalContainerEntityManagerFactoryBean] [] Closing JPA EntityManagerFactory for persistence unit 'default'
2021-05-20 14:52:54.596 INFO  [SpringContextShutdownHook] [org.hibernate.tool.schema.internal.SchemaDropperImpl$DelayedDropActionImpl] [] HHH000477: Starting delayed evictData of schema as part of SessionFactory shut-down'
2021-05-20 14:52:54.605 INFO  [SpringContextShutdownHook] [com.zaxxer.hikari.HikariDataSource] [] HikariPool-1 - Shutdown initiated...
2021-05-20 14:52:54.606 INFO  [SpringContextShutdownHook] [com.zaxxer.hikari.HikariDataSource] [] HikariPool-1 - Shutdown completed.
