2021-05-19 00:29:36.194 WARN  [HikariPool-1 housekeeper] [com.zaxxer.hikari.pool.HikariPool] [] HikariPool-1 - Thread starvation or clock leap detected (housekeeper delta=1h47m46s386ms).
2021-05-19 02:17:53.464 WARN  [HikariPool-1 housekeeper] [com.zaxxer.hikari.pool.HikariPool] [] HikariPool-1 - Thread starvation or clock leap detected (housekeeper delta=1h44m46s899ms).
2021-05-19 04:06:09.845 WARN  [HikariPool-1 housekeeper] [com.zaxxer.hikari.pool.HikariPool] [] HikariPool-1 - Thread starvation or clock leap detected (housekeeper delta=1h47m46s392ms).
2021-05-19 05:54:27.436 WARN  [HikariPool-1 housekeeper] [com.zaxxer.hikari.pool.HikariPool] [] HikariPool-1 - Thread starvation or clock leap detected (housekeeper delta=1h47m47s589ms).
2021-05-19 07:42:13.977 WARN  [HikariPool-1 housekeeper] [com.zaxxer.hikari.pool.HikariPool] [] HikariPool-1 - Thread starvation or clock leap detected (housekeeper delta=1h47m46s541ms).
2021-05-19 08:45:19.999 WARN  [HikariPool-1 housekeeper] [com.zaxxer.hikari.pool.HikariPool] [] HikariPool-1 - Thread starvation or clock leap detected (housekeeper delta=1h1m34s828ms).
2021-05-19 12:38:49.538 WARN  [HikariPool-1 housekeeper] [com.zaxxer.hikari.pool.HikariPool] [] HikariPool-1 - Thread starvation or clock leap detected (housekeeper delta=30m27s199ms).
2021-05-19 12:55:07.064 WARN  [HikariPool-1 housekeeper] [com.zaxxer.hikari.pool.HikariPool] [] HikariPool-1 - Thread starvation or clock leap detected (housekeeper delta=15m47s513ms).
2021-05-19 12:57:35.714 WARN  [HikariPool-1 housekeeper] [com.zaxxer.hikari.pool.HikariPool] [] HikariPool-1 - Thread starvation or clock leap detected (housekeeper delta=2m28s650ms).
2021-05-19 14:06:26.617 INFO  [SpringContextShutdownHook] [org.springframework.scheduling.concurrent.ThreadPoolTaskExecutor] [] Shutting down ExecutorService 'applicationTaskExecutor'
2021-05-19 14:06:26.618 INFO  [SpringContextShutdownHook] [org.springframework.orm.jpa.LocalContainerEntityManagerFactoryBean] [] Closing JPA EntityManagerFactory for persistence unit 'default'
2021-05-19 14:06:26.620 INFO  [SpringContextShutdownHook] [org.hibernate.tool.schema.internal.SchemaDropperImpl$DelayedDropActionImpl] [] HHH000477: Starting delayed evictData of schema as part of SessionFactory shut-down'
2021-05-19 14:06:26.635 INFO  [SpringContextShutdownHook] [com.zaxxer.hikari.HikariDataSource] [] HikariPool-1 - Shutdown initiated...
2021-05-19 14:06:26.637 INFO  [SpringContextShutdownHook] [com.zaxxer.hikari.HikariDataSource] [] HikariPool-1 - Shutdown completed.
2021-05-19 18:08:40.880 INFO  [main] [com.sap.persistenceservicerefapp.PersistenceServiceRefAppApplication] [] Starting PersistenceServiceRefAppApplication on C02Z6178LVDR with PID 45457 (/Users/i518044/Documents/GitHub/persistence-service-ref-app/app/target/classes started by i518044 in /Users/i518044/Documents/GitHub/persistence-service-ref-app)
2021-05-19 18:08:40.883 INFO  [main] [com.sap.persistenceservicerefapp.PersistenceServiceRefAppApplication] [] No active profile set, falling back to default profiles: default
2021-05-19 18:08:41.528 INFO  [main] [org.springframework.data.repository.config.RepositoryConfigurationDelegate] [] Bootstrapping Spring Data JPA repositories in DEFAULT mode.
2021-05-19 18:08:41.633 INFO  [main] [org.springframework.data.repository.config.RepositoryConfigurationDelegate] [] Finished Spring Data repository scanning in 96ms. Found 3 JPA repository interfaces.
2021-05-19 18:08:42.082 INFO  [main] [org.springframework.boot.web.embedded.tomcat.TomcatWebServer] [] Tomcat initialized with port(s): 8080 (http)
2021-05-19 18:08:42.092 INFO  [main] [org.apache.coyote.http11.Http11NioProtocol] [] Initializing ProtocolHandler ["http-nio-8080"]
2021-05-19 18:08:42.093 INFO  [main] [org.apache.catalina.core.StandardService] [] Starting service [Tomcat]
2021-05-19 18:08:42.093 INFO  [main] [org.apache.catalina.core.StandardEngine] [] Starting Servlet engine: [Apache Tomcat/9.0.41]
2021-05-19 18:08:42.197 INFO  [main] [org.apache.catalina.core.ContainerBase.[Tomcat].[localhost].[/]] [] Initializing Spring embedded WebApplicationContext
2021-05-19 18:08:42.198 INFO  [main] [org.springframework.boot.web.servlet.context.ServletWebServerApplicationContext] [] Root WebApplicationContext: initialization completed in 1270 ms
2021-05-19 18:08:42.364 INFO  [main] [com.zaxxer.hikari.HikariDataSource] [] HikariPool-1 - Starting...
2021-05-19 18:08:42.632 INFO  [main] [com.zaxxer.hikari.HikariDataSource] [] HikariPool-1 - Start completed.
2021-05-19 18:08:42.689 INFO  [main] [org.hibernate.jpa.internal.util.LogHelper] [] HHH000204: Processing PersistenceUnitInfo [name: default]
2021-05-19 18:08:42.735 INFO  [main] [org.hibernate.Version] [] HHH000412: Hibernate ORM core version 5.4.25.Final
2021-05-19 18:08:42.897 INFO  [main] [org.hibernate.annotations.common.Version] [] HCANN000001: Hibernate Commons Annotations {5.1.2.Final}
2021-05-19 18:08:43.010 INFO  [main] [org.hibernate.dialect.Dialect] [] HHH000400: Using dialect: org.hibernate.dialect.H2Dialect
2021-05-19 18:08:43.601 INFO  [main] [org.hibernate.engine.transaction.jta.platform.internal.JtaPlatformInitiator] [] HHH000490: Using JtaPlatform implementation: [org.hibernate.engine.transaction.jta.platform.internal.NoJtaPlatform]
2021-05-19 18:08:43.608 INFO  [main] [org.springframework.orm.jpa.LocalContainerEntityManagerFactoryBean] [] Initialized JPA EntityManagerFactory for persistence unit 'default'
2021-05-19 18:08:43.631 ERROR [main] [com.sap.persistenceservicerefapp.config.TableSetup] [] Failed to get datasource
2021-05-19 18:08:43.631 ERROR [main] [com.sap.persistenceservicerefapp.config.TableSetup] [] null
2021-05-19 18:08:44.233 WARN  [main] [org.springframework.boot.autoconfigure.orm.jpa.JpaBaseConfiguration$JpaWebConfiguration] [] spring.jpa.open-in-view is enabled by default. Therefore, database queries may be performed during view rendering. Explicitly configure spring.jpa.open-in-view to disable this warning
2021-05-19 18:08:44.312 INFO  [main] [org.springframework.scheduling.concurrent.ThreadPoolTaskExecutor] [] Initializing ExecutorService 'applicationTaskExecutor'
2021-05-19 18:08:45.242 INFO  [main] [org.apache.coyote.http11.Http11NioProtocol] [] Starting ProtocolHandler ["http-nio-8080"]
2021-05-19 18:08:45.286 INFO  [main] [org.springframework.boot.web.embedded.tomcat.TomcatWebServer] [] Tomcat started on port(s): 8080 (http) with context path ''
2021-05-19 18:08:45.314 INFO  [main] [com.sap.persistenceservicerefapp.PersistenceServiceRefAppApplication] [] Started PersistenceServiceRefAppApplication in 9.536 seconds (JVM running for 10.078)
2021-05-19 18:08:52.875 INFO  [http-nio-8080-exec-1] [org.apache.catalina.core.ContainerBase.[Tomcat].[localhost].[/]] [] Initializing Spring DispatcherServlet 'dispatcherServlet'
2021-05-19 18:08:52.876 INFO  [http-nio-8080-exec-1] [org.springframework.web.servlet.DispatcherServlet] [] Initializing Servlet 'dispatcherServlet'
2021-05-19 18:08:52.883 INFO  [http-nio-8080-exec-1] [org.springframework.web.servlet.DispatcherServlet] [] Completed initialization in 7 ms
2021-05-19 18:08:53.587 INFO  [http-nio-8080-exec-7] [org.springdoc.api.AbstractOpenApiResource] [] Init duration for springdoc-openapi is: 250 ms
2021-05-19 22:00:32.579 WARN  [HikariPool-1 housekeeper] [com.zaxxer.hikari.pool.HikariPool] [] HikariPool-1 - Thread starvation or clock leap detected (housekeeper delta=1h18s638ms).
