2021-05-03 16:39:24.838 INFO  [main] [com.sap.persistenceservicerefapp.PersistenceServiceRefAppApplication] [] Starting PersistenceServiceRefAppApplication on C02Z6178LVDR with PID 44278 (/Users/i518044/Documents/GitHub/persistence-service-ref-app/app/target/classes started by i518044 in /Users/i518044/Documents/GitHub/persistence-service-ref-app)
2021-05-03 16:39:24.841 INFO  [main] [com.sap.persistenceservicerefapp.PersistenceServiceRefAppApplication] [] No active profile set, falling back to default profiles: default
2021-05-03 16:39:25.530 INFO  [main] [org.springframework.data.repository.config.RepositoryConfigurationDelegate] [] Bootstrapping Spring Data JPA repositories in DEFAULT mode.
2021-05-03 16:39:25.628 INFO  [main] [org.springframework.data.repository.config.RepositoryConfigurationDelegate] [] Finished Spring Data repository scanning in 91ms. Found 1 JPA repository interfaces.
2021-05-03 16:39:26.067 INFO  [main] [org.springframework.boot.web.embedded.tomcat.TomcatWebServer] [] Tomcat initialized with port(s): 8080 (http)
2021-05-03 16:39:26.078 INFO  [main] [org.apache.coyote.http11.Http11NioProtocol] [] Initializing ProtocolHandler ["http-nio-8080"]
2021-05-03 16:39:26.079 INFO  [main] [org.apache.catalina.core.StandardService] [] Starting service [Tomcat]
2021-05-03 16:39:26.079 INFO  [main] [org.apache.catalina.core.StandardEngine] [] Starting Servlet engine: [Apache Tomcat/9.0.41]
2021-05-03 16:39:26.184 INFO  [main] [org.apache.catalina.core.ContainerBase.[Tomcat].[localhost].[/]] [] Initializing Spring embedded WebApplicationContext
2021-05-03 16:39:26.184 INFO  [main] [org.springframework.boot.web.servlet.context.ServletWebServerApplicationContext] [] Root WebApplicationContext: initialization completed in 1291 ms
2021-05-03 16:39:26.346 INFO  [main] [com.zaxxer.hikari.HikariDataSource] [] HikariPool-1 - Starting...
2021-05-03 16:39:26.580 INFO  [main] [com.zaxxer.hikari.HikariDataSource] [] HikariPool-1 - Start completed.
2021-05-03 16:39:26.637 INFO  [main] [org.hibernate.jpa.internal.util.LogHelper] [] HHH000204: Processing PersistenceUnitInfo [name: default]
2021-05-03 16:39:26.688 INFO  [main] [org.hibernate.Version] [] HHH000412: Hibernate ORM core version 5.4.25.Final
2021-05-03 16:39:26.811 INFO  [main] [org.hibernate.annotations.common.Version] [] HCANN000001: Hibernate Commons Annotations {5.1.2.Final}
2021-05-03 16:39:26.939 INFO  [main] [org.hibernate.dialect.Dialect] [] HHH000400: Using dialect: org.hibernate.dialect.H2Dialect
2021-05-03 16:39:27.388 INFO  [main] [org.hibernate.engine.transaction.jta.platform.internal.JtaPlatformInitiator] [] HHH000490: Using JtaPlatform implementation: [org.hibernate.engine.transaction.jta.platform.internal.NoJtaPlatform]
2021-05-03 16:39:27.395 INFO  [main] [org.springframework.orm.jpa.LocalContainerEntityManagerFactoryBean] [] Initialized JPA EntityManagerFactory for persistence unit 'default'
2021-05-03 16:39:27.417 WARN  [main] [org.springframework.boot.web.servlet.context.AnnotationConfigServletWebServerApplicationContext] [] Exception encountered during context initialization - cancelling refresh attempt: org.springframework.beans.factory.BeanCreationException: Error creating bean with name 'databaseConfiguration': Invocation of init method failed; nested exception is java.lang.ExceptionInInitializerError
2021-05-03 16:39:27.417 INFO  [main] [org.springframework.orm.jpa.LocalContainerEntityManagerFactoryBean] [] Closing JPA EntityManagerFactory for persistence unit 'default'
2021-05-03 16:39:27.418 INFO  [main] [org.hibernate.tool.schema.internal.SchemaDropperImpl$DelayedDropActionImpl] [] HHH000477: Starting delayed evictData of schema as part of SessionFactory shut-down'
2021-05-03 16:39:27.424 INFO  [main] [com.zaxxer.hikari.HikariDataSource] [] HikariPool-1 - Shutdown initiated...
2021-05-03 16:39:27.425 INFO  [main] [com.zaxxer.hikari.HikariDataSource] [] HikariPool-1 - Shutdown completed.
2021-05-03 16:39:27.427 INFO  [main] [org.apache.catalina.core.StandardService] [] Stopping service [Tomcat]
2021-05-03 16:39:27.437 INFO  [main] [org.springframework.boot.autoconfigure.logging.ConditionEvaluationReportLoggingListener] [] 

Error starting ApplicationContext. To display the conditions report re-run your application with 'debug' enabled.
2021-05-03 16:39:27.440 ERROR [main] [org.springframework.boot.SpringApplication] [] Application run failed
org.springframework.beans.factory.BeanCreationException: Error creating bean with name 'databaseConfiguration': Invocation of init method failed; nested exception is java.lang.ExceptionInInitializerError
	at org.springframework.beans.factory.annotation.InitDestroyAnnotationBeanPostProcessor.postProcessBeforeInitialization(InitDestroyAnnotationBeanPostProcessor.java:160)
	at org.springframework.beans.factory.support.AbstractAutowireCapableBeanFactory.applyBeanPostProcessorsBeforeInitialization(AbstractAutowireCapableBeanFactory.java:415)
	at org.springframework.beans.factory.support.AbstractAutowireCapableBeanFactory.initializeBean(AbstractAutowireCapableBeanFactory.java:1786)
	at org.springframework.beans.factory.support.AbstractAutowireCapableBeanFactory.doCreateBean(AbstractAutowireCapableBeanFactory.java:594)
	at org.springframework.beans.factory.support.AbstractAutowireCapableBeanFactory.createBean(AbstractAutowireCapableBeanFactory.java:516)
	at org.springframework.beans.factory.support.AbstractBeanFactory.lambda$doGetBean$0(AbstractBeanFactory.java:324)
	at org.springframework.beans.factory.support.DefaultSingletonBeanRegistry.getSingleton(DefaultSingletonBeanRegistry.java:234)
	at org.springframework.beans.factory.support.AbstractBeanFactory.doGetBean(AbstractBeanFactory.java:322)
	at org.springframework.beans.factory.support.AbstractBeanFactory.getBean(AbstractBeanFactory.java:202)
	at org.springframework.beans.factory.support.DefaultListableBeanFactory.preInstantiateSingletons(DefaultListableBeanFactory.java:897)
	at org.springframework.context.support.AbstractApplicationContext.finishBeanFactoryInitialization(AbstractApplicationContext.java:879)
	at org.springframework.context.support.AbstractApplicationContext.refresh(AbstractApplicationContext.java:551)
	at org.springframework.boot.web.servlet.context.ServletWebServerApplicationContext.refresh(ServletWebServerApplicationContext.java:143)
	at org.springframework.boot.SpringApplication.refresh(SpringApplication.java:758)
	at org.springframework.boot.SpringApplication.refresh(SpringApplication.java:750)
	at org.springframework.boot.SpringApplication.refreshContext(SpringApplication.java:405)
	at org.springframework.boot.SpringApplication.run(SpringApplication.java:315)
	at org.springframework.boot.SpringApplication.run(SpringApplication.java:1237)
	at org.springframework.boot.SpringApplication.run(SpringApplication.java:1226)
	at com.sap.persistenceservicerefapp.PersistenceServiceRefAppApplication.main(PersistenceServiceRefAppApplication.java:13)
Caused by: java.lang.ExceptionInInitializerError: null
	at com.sap.persistenceservicerefapp.config.SchemaGenerator.createSchema(SchemaGenerator.java:48)
	at com.sap.persistenceservicerefapp.config.DatabaseConfiguration.init(DatabaseConfiguration.java:42)
	at sun.reflect.NativeMethodAccessorImpl.invoke0(Native Method)
	at sun.reflect.NativeMethodAccessorImpl.invoke(NativeMethodAccessorImpl.java:62)
	at sun.reflect.DelegatingMethodAccessorImpl.invoke(DelegatingMethodAccessorImpl.java:43)
	at java.lang.reflect.Method.invoke(Method.java:498)
	at org.springframework.beans.factory.annotation.InitDestroyAnnotationBeanPostProcessor$LifecycleElement.invoke(InitDestroyAnnotationBeanPostProcessor.java:389)
	at org.springframework.beans.factory.annotation.InitDestroyAnnotationBeanPostProcessor$LifecycleMetadata.invokeInitMethods(InitDestroyAnnotationBeanPostProcessor.java:333)
	at org.springframework.beans.factory.annotation.InitDestroyAnnotationBeanPostProcessor.postProcessBeforeInitialization(InitDestroyAnnotationBeanPostProcessor.java:157)
	... 19 common frames omitted
Caused by: java.lang.IllegalArgumentException: argument "content" is null
	at com.fasterxml.jackson.databind.ObjectMapper._assertNotNull(ObjectMapper.java:4737)
	at com.fasterxml.jackson.databind.ObjectMapper.readValue(ObjectMapper.java:3435)
	at com.sap.persistenceservicerefapp.common.utils.ServiceBindingsUtils.getServiceBindings(ServiceBindingsUtils.java:37)
	at com.sap.persistenceservicerefapp.common.utils.ServiceBindingsUtils.getPersistenceServiceDetails(ServiceBindingsUtils.java:45)
	at com.sap.persistenceservicerefapp.common.utils.ServiceBindingsUtils.getPersistenceServiceRestUrl(ServiceBindingsUtils.java:29)
	at com.sap.persistenceservicerefapp.config.RefAppEnv.<clinit>(RefAppEnv.java:20)
	... 28 common frames omitted
2021-05-03 16:40:38.468 INFO  [main] [com.sap.persistenceservicerefapp.PersistenceServiceRefAppApplication] [] Starting PersistenceServiceRefAppApplication on C02Z6178LVDR with PID 44287 (/Users/i518044/Documents/GitHub/persistence-service-ref-app/app/target/classes started by i518044 in /Users/i518044/Documents/GitHub/persistence-service-ref-app)
2021-05-03 16:40:38.471 INFO  [main] [com.sap.persistenceservicerefapp.PersistenceServiceRefAppApplication] [] No active profile set, falling back to default profiles: default
2021-05-03 16:40:39.092 INFO  [main] [org.springframework.data.repository.config.RepositoryConfigurationDelegate] [] Bootstrapping Spring Data JPA repositories in DEFAULT mode.
2021-05-03 16:40:39.186 INFO  [main] [org.springframework.data.repository.config.RepositoryConfigurationDelegate] [] Finished Spring Data repository scanning in 86ms. Found 1 JPA repository interfaces.
2021-05-03 16:40:39.615 INFO  [main] [org.springframework.boot.web.embedded.tomcat.TomcatWebServer] [] Tomcat initialized with port(s): 8080 (http)
2021-05-03 16:40:39.624 INFO  [main] [org.apache.coyote.http11.Http11NioProtocol] [] Initializing ProtocolHandler ["http-nio-8080"]
2021-05-03 16:40:39.624 INFO  [main] [org.apache.catalina.core.StandardService] [] Starting service [Tomcat]
2021-05-03 16:40:39.625 INFO  [main] [org.apache.catalina.core.StandardEngine] [] Starting Servlet engine: [Apache Tomcat/9.0.41]
2021-05-03 16:40:39.726 INFO  [main] [org.apache.catalina.core.ContainerBase.[Tomcat].[localhost].[/]] [] Initializing Spring embedded WebApplicationContext
2021-05-03 16:40:39.726 INFO  [main] [org.springframework.boot.web.servlet.context.ServletWebServerApplicationContext] [] Root WebApplicationContext: initialization completed in 1206 ms
2021-05-03 16:40:39.887 INFO  [main] [com.zaxxer.hikari.HikariDataSource] [] HikariPool-1 - Starting...
2021-05-03 16:40:40.113 INFO  [main] [com.zaxxer.hikari.HikariDataSource] [] HikariPool-1 - Start completed.
2021-05-03 16:40:40.166 INFO  [main] [org.hibernate.jpa.internal.util.LogHelper] [] HHH000204: Processing PersistenceUnitInfo [name: default]
2021-05-03 16:40:40.211 INFO  [main] [org.hibernate.Version] [] HHH000412: Hibernate ORM core version 5.4.25.Final
2021-05-03 16:40:40.357 INFO  [main] [org.hibernate.annotations.common.Version] [] HCANN000001: Hibernate Commons Annotations {5.1.2.Final}
2021-05-03 16:40:40.481 INFO  [main] [org.hibernate.dialect.Dialect] [] HHH000400: Using dialect: org.hibernate.dialect.H2Dialect
2021-05-03 16:40:40.914 INFO  [main] [org.hibernate.engine.transaction.jta.platform.internal.JtaPlatformInitiator] [] HHH000490: Using JtaPlatform implementation: [org.hibernate.engine.transaction.jta.platform.internal.NoJtaPlatform]
2021-05-03 16:40:40.923 INFO  [main] [org.springframework.orm.jpa.LocalContainerEntityManagerFactoryBean] [] Initialized JPA EntityManagerFactory for persistence unit 'default'
2021-05-03 16:40:40.951 ERROR [main] [com.sap.persistenceservicerefapp.config.TableSetup] [] Failed to get datasource
2021-05-03 16:40:40.951 ERROR [main] [com.sap.persistenceservicerefapp.config.TableSetup] [] null
2021-05-03 16:40:41.378 WARN  [main] [org.springframework.boot.autoconfigure.orm.jpa.JpaBaseConfiguration$JpaWebConfiguration] [] spring.jpa.open-in-view is enabled by default. Therefore, database queries may be performed during view rendering. Explicitly configure spring.jpa.open-in-view to disable this warning
2021-05-03 16:40:41.451 INFO  [main] [org.springframework.scheduling.concurrent.ThreadPoolTaskExecutor] [] Initializing ExecutorService 'applicationTaskExecutor'
2021-05-03 16:40:42.389 INFO  [main] [org.apache.coyote.http11.Http11NioProtocol] [] Starting ProtocolHandler ["http-nio-8080"]
2021-05-03 16:40:42.425 INFO  [main] [org.springframework.boot.web.embedded.tomcat.TomcatWebServer] [] Tomcat started on port(s): 8080 (http) with context path ''
2021-05-03 16:40:42.434 INFO  [main] [com.sap.persistenceservicerefapp.PersistenceServiceRefAppApplication] [] Started PersistenceServiceRefAppApplication in 4.507 seconds (JVM running for 4.979)
2021-05-03 16:40:59.131 INFO  [http-nio-8080-exec-1] [org.apache.catalina.core.ContainerBase.[Tomcat].[localhost].[/]] [] Initializing Spring DispatcherServlet 'dispatcherServlet'
2021-05-03 16:40:59.147 INFO  [http-nio-8080-exec-1] [org.springframework.web.servlet.DispatcherServlet] [] Initializing Servlet 'dispatcherServlet'
2021-05-03 16:40:59.155 INFO  [http-nio-8080-exec-1] [org.springframework.web.servlet.DispatcherServlet] [] Completed initialization in 8 ms
2021-05-03 16:42:43.108 INFO  [SpringContextShutdownHook] [org.springframework.scheduling.concurrent.ThreadPoolTaskExecutor] [] Shutting down ExecutorService 'applicationTaskExecutor'
2021-05-03 16:42:43.109 INFO  [SpringContextShutdownHook] [org.springframework.orm.jpa.LocalContainerEntityManagerFactoryBean] [] Closing JPA EntityManagerFactory for persistence unit 'default'
2021-05-03 16:42:43.109 INFO  [SpringContextShutdownHook] [org.hibernate.tool.schema.internal.SchemaDropperImpl$DelayedDropActionImpl] [] HHH000477: Starting delayed evictData of schema as part of SessionFactory shut-down'
2021-05-03 16:42:43.114 INFO  [SpringContextShutdownHook] [com.zaxxer.hikari.HikariDataSource] [] HikariPool-1 - Shutdown initiated...
2021-05-03 16:42:43.115 INFO  [SpringContextShutdownHook] [com.zaxxer.hikari.HikariDataSource] [] HikariPool-1 - Shutdown completed.
2021-05-03 16:42:45.423 INFO  [main] [com.sap.persistenceservicerefapp.PersistenceServiceRefAppApplication] [] Starting PersistenceServiceRefAppApplication on C02Z6178LVDR with PID 44325 (/Users/i518044/Documents/GitHub/persistence-service-ref-app/app/target/classes started by i518044 in /Users/i518044/Documents/GitHub/persistence-service-ref-app)
2021-05-03 16:42:45.426 INFO  [main] [com.sap.persistenceservicerefapp.PersistenceServiceRefAppApplication] [] No active profile set, falling back to default profiles: default
2021-05-03 16:42:46.070 INFO  [main] [org.springframework.data.repository.config.RepositoryConfigurationDelegate] [] Bootstrapping Spring Data JPA repositories in DEFAULT mode.
2021-05-03 16:42:46.167 INFO  [main] [org.springframework.data.repository.config.RepositoryConfigurationDelegate] [] Finished Spring Data repository scanning in 90ms. Found 1 JPA repository interfaces.
2021-05-03 16:42:46.586 INFO  [main] [org.springframework.boot.web.embedded.tomcat.TomcatWebServer] [] Tomcat initialized with port(s): 8080 (http)
2021-05-03 16:42:46.594 INFO  [main] [org.apache.coyote.http11.Http11NioProtocol] [] Initializing ProtocolHandler ["http-nio-8080"]
2021-05-03 16:42:46.595 INFO  [main] [org.apache.catalina.core.StandardService] [] Starting service [Tomcat]
2021-05-03 16:42:46.595 INFO  [main] [org.apache.catalina.core.StandardEngine] [] Starting Servlet engine: [Apache Tomcat/9.0.41]
2021-05-03 16:42:46.697 INFO  [main] [org.apache.catalina.core.ContainerBase.[Tomcat].[localhost].[/]] [] Initializing Spring embedded WebApplicationContext
2021-05-03 16:42:46.698 INFO  [main] [org.springframework.boot.web.servlet.context.ServletWebServerApplicationContext] [] Root WebApplicationContext: initialization completed in 1224 ms
2021-05-03 16:42:46.851 INFO  [main] [com.zaxxer.hikari.HikariDataSource] [] HikariPool-1 - Starting...
2021-05-03 16:42:47.068 INFO  [main] [com.zaxxer.hikari.HikariDataSource] [] HikariPool-1 - Start completed.
2021-05-03 16:42:47.121 INFO  [main] [org.hibernate.jpa.internal.util.LogHelper] [] HHH000204: Processing PersistenceUnitInfo [name: default]
2021-05-03 16:42:47.169 INFO  [main] [org.hibernate.Version] [] HHH000412: Hibernate ORM core version 5.4.25.Final
2021-05-03 16:42:47.282 INFO  [main] [org.hibernate.annotations.common.Version] [] HCANN000001: Hibernate Commons Annotations {5.1.2.Final}
2021-05-03 16:42:47.395 INFO  [main] [org.hibernate.dialect.Dialect] [] HHH000400: Using dialect: org.hibernate.dialect.H2Dialect
2021-05-03 16:42:47.832 INFO  [main] [org.hibernate.engine.transaction.jta.platform.internal.JtaPlatformInitiator] [] HHH000490: Using JtaPlatform implementation: [org.hibernate.engine.transaction.jta.platform.internal.NoJtaPlatform]
2021-05-03 16:42:47.837 INFO  [main] [org.springframework.orm.jpa.LocalContainerEntityManagerFactoryBean] [] Initialized JPA EntityManagerFactory for persistence unit 'default'
2021-05-03 16:42:47.860 ERROR [main] [com.sap.persistenceservicerefapp.config.TableSetup] [] Failed to get datasource
2021-05-03 16:42:47.860 ERROR [main] [com.sap.persistenceservicerefapp.config.TableSetup] [] null
2021-05-03 16:42:48.271 WARN  [main] [org.springframework.boot.autoconfigure.orm.jpa.JpaBaseConfiguration$JpaWebConfiguration] [] spring.jpa.open-in-view is enabled by default. Therefore, database queries may be performed during view rendering. Explicitly configure spring.jpa.open-in-view to disable this warning
2021-05-03 16:42:48.335 INFO  [main] [org.springframework.scheduling.concurrent.ThreadPoolTaskExecutor] [] Initializing ExecutorService 'applicationTaskExecutor'
2021-05-03 16:42:49.245 INFO  [main] [org.apache.coyote.http11.Http11NioProtocol] [] Starting ProtocolHandler ["http-nio-8080"]
2021-05-03 16:42:49.281 INFO  [main] [org.springframework.boot.web.embedded.tomcat.TomcatWebServer] [] Tomcat started on port(s): 8080 (http) with context path ''
2021-05-03 16:42:49.291 INFO  [main] [com.sap.persistenceservicerefapp.PersistenceServiceRefAppApplication] [] Started PersistenceServiceRefAppApplication in 4.382 seconds (JVM running for 4.854)
2021-05-03 16:42:57.352 INFO  [http-nio-8080-exec-1] [org.apache.catalina.core.ContainerBase.[Tomcat].[localhost].[/]] [] Initializing Spring DispatcherServlet 'dispatcherServlet'
2021-05-03 16:42:57.352 INFO  [http-nio-8080-exec-1] [org.springframework.web.servlet.DispatcherServlet] [] Initializing Servlet 'dispatcherServlet'
2021-05-03 16:42:57.357 INFO  [http-nio-8080-exec-1] [org.springframework.web.servlet.DispatcherServlet] [] Completed initialization in 5 ms
2021-05-03 16:43:01.802 INFO  [http-nio-8080-exec-3] [org.springdoc.api.AbstractOpenApiResource] [] Init duration for springdoc-openapi is: 192 ms
2021-05-03 16:44:20.068 INFO  [http-nio-8080-exec-9] [com.sap.persistenceservicerefapp.controller.ConnectionController] [] Request - getting schema details
2021-05-03 18:13:43.611 WARN  [HikariPool-1 housekeeper] [com.zaxxer.hikari.pool.HikariPool] [] HikariPool-1 - Thread starvation or clock leap detected (housekeeper delta=30m26s161ms).
2021-05-03 18:16:07.505 WARN  [HikariPool-1 housekeeper] [com.zaxxer.hikari.pool.HikariPool] [] HikariPool-1 - Thread starvation or clock leap detected (housekeeper delta=2m23s895ms).
2021-05-03 19:15:04.244 WARN  [HikariPool-1 housekeeper] [com.zaxxer.hikari.pool.HikariPool] [] HikariPool-1 - Thread starvation or clock leap detected (housekeeper delta=30m26s571ms).
2021-05-03 19:33:12.372 WARN  [HikariPool-1 housekeeper] [com.zaxxer.hikari.pool.HikariPool] [] HikariPool-1 - Thread starvation or clock leap detected (housekeeper delta=18m8s128ms).
2021-05-03 19:50:10.557 WARN  [HikariPool-1 housekeeper] [com.zaxxer.hikari.pool.HikariPool] [] HikariPool-1 - Thread starvation or clock leap detected (housekeeper delta=16m28s181ms).
2021-05-03 20:06:31.733 WARN  [HikariPool-1 housekeeper] [com.zaxxer.hikari.pool.HikariPool] [] HikariPool-1 - Thread starvation or clock leap detected (housekeeper delta=15m51s171ms).
2021-05-03 20:37:19.906 WARN  [HikariPool-1 housekeeper] [com.zaxxer.hikari.pool.HikariPool] [] HikariPool-1 - Thread starvation or clock leap detected (housekeeper delta=30m18s168ms).
2021-05-03 21:18:56.567 WARN  [HikariPool-1 housekeeper] [com.zaxxer.hikari.pool.HikariPool] [] HikariPool-1 - Thread starvation or clock leap detected (housekeeper delta=41m36s660ms).
2021-05-03 21:46:52.682 WARN  [HikariPool-1 housekeeper] [com.zaxxer.hikari.pool.HikariPool] [] HikariPool-1 - Thread starvation or clock leap detected (housekeeper delta=27m26s107ms).
2021-05-03 22:04:43.872 WARN  [HikariPool-1 housekeeper] [com.zaxxer.hikari.pool.HikariPool] [] HikariPool-1 - Thread starvation or clock leap detected (housekeeper delta=17m21s188ms).
2021-05-03 22:22:45.846 WARN  [HikariPool-1 housekeeper] [com.zaxxer.hikari.pool.HikariPool] [] HikariPool-1 - Thread starvation or clock leap detected (housekeeper delta=17m31s967ms).
2021-05-03 22:38:30.057 WARN  [HikariPool-1 housekeeper] [com.zaxxer.hikari.pool.HikariPool] [] HikariPool-1 - Thread starvation or clock leap detected (housekeeper delta=15m44s211ms).
2021-05-03 22:57:08.130 WARN  [HikariPool-1 housekeeper] [com.zaxxer.hikari.pool.HikariPool] [] HikariPool-1 - Thread starvation or clock leap detected (housekeeper delta=18m8s65ms).
2021-05-03 23:14:47.036 WARN  [HikariPool-1 housekeeper] [com.zaxxer.hikari.pool.HikariPool] [] HikariPool-1 - Thread starvation or clock leap detected (housekeeper delta=17m8s904ms).
2021-05-03 23:31:11.710 WARN  [HikariPool-1 housekeeper] [com.zaxxer.hikari.pool.HikariPool] [] HikariPool-1 - Thread starvation or clock leap detected (housekeeper delta=15m54s664ms).
