2021-07-26 13:51:09.952 INFO  [main] [org.springframework.boot.test.context.SpringBootTestContextBootstrapper] [] Neither @ContextConfiguration nor @ContextHierarchy found for test class [com.sap.persistenceservicerefapp.PersistenceServiceRefAppApplicationTest], using SpringBootContextLoader
2021-07-26 13:51:09.960 INFO  [main] [org.springframework.test.context.support.AbstractContextLoader] [] Could not detect default resource locations for test class [com.sap.persistenceservicerefapp.PersistenceServiceRefAppApplicationTest]: no resource found for suffixes {-context.xml, Context.groovy}.
2021-07-26 13:51:10.143 INFO  [main] [org.springframework.boot.test.context.SpringBootTestContextBootstrapper] [] Using TestExecutionListeners: [org.springframework.test.context.support.DependencyInjectionTestExecutionListener@50b5ac82]
2021-07-26 13:51:10.151 INFO  [main] [org.springframework.boot.test.context.SpringBootTestContextBootstrapper] [] Neither @ContextConfiguration nor @ContextHierarchy found for test class [com.sap.persistenceservicerefapp.PersistenceServiceRefAppApplicationTest], using SpringBootContextLoader
2021-07-26 13:51:10.152 INFO  [main] [org.springframework.test.context.support.AbstractContextLoader] [] Could not detect default resource locations for test class [com.sap.persistenceservicerefapp.PersistenceServiceRefAppApplicationTest]: no resource found for suffixes {-context.xml, Context.groovy}.
2021-07-26 13:51:10.157 INFO  [main] [org.springframework.boot.test.context.SpringBootTestContextBootstrapper] [] Using TestExecutionListeners: [org.springframework.test.context.support.DependencyInjectionTestExecutionListener@1b1426f4]
2021-07-26 13:51:10.632 INFO  [main] [com.sap.persistenceservicerefapp.PersistenceServiceRefAppApplicationTest] [] Starting PersistenceServiceRefAppApplicationTest on C02Z6178LVDR with PID 66338 (started by i518044 in /Users/i518044/Documents/GitHub/persistence-service-ref-app/app)
2021-07-26 13:51:10.633 INFO  [main] [com.sap.persistenceservicerefapp.PersistenceServiceRefAppApplicationTest] [] The following profiles are active: test
2021-07-26 13:51:11.113 INFO  [main] [org.springframework.data.repository.config.RepositoryConfigurationDelegate] [] Bootstrapping Spring Data JPA repositories in DEFAULT mode.
2021-07-26 13:51:11.168 INFO  [main] [org.springframework.data.repository.config.RepositoryConfigurationDelegate] [] Finished Spring Data repository scanning in 46ms. Found 3 JPA repository interfaces.
2021-07-26 13:51:11.971 INFO  [main] [org.springframework.boot.web.embedded.tomcat.TomcatWebServer] [] Tomcat initialized with port(s): 0 (http)
2021-07-26 13:51:11.980 INFO  [main] [org.apache.coyote.http11.Http11NioProtocol] [] Initializing ProtocolHandler ["http-nio-auto-1"]
2021-07-26 13:51:11.981 INFO  [main] [org.apache.catalina.core.StandardService] [] Starting service [Tomcat]
2021-07-26 13:51:11.981 INFO  [main] [org.apache.catalina.core.StandardEngine] [] Starting Servlet engine: [Apache Tomcat/9.0.46]
2021-07-26 13:51:12.099 INFO  [main] [org.apache.catalina.core.ContainerBase.[Tomcat].[localhost].[/]] [] Initializing Spring embedded WebApplicationContext
2021-07-26 13:51:12.099 INFO  [main] [org.springframework.boot.web.servlet.context.ServletWebServerApplicationContext] [] Root WebApplicationContext: initialization completed in 1447 ms
2021-07-26 13:51:12.514 INFO  [main] [com.sap.persistenceservice.refapp.config.DatabaseConfiguration] [] Successfully connected to the database
2021-07-26 13:51:12.520 INFO  [main] [com.sap.persistenceservice.refapp.config.DatabaseConfiguration] [] Purchase order table is created
2021-07-26 13:51:12.521 INFO  [main] [com.sap.persistenceservice.refapp.config.DatabaseConfiguration] [] metric table is created
2021-07-26 13:51:12.522 INFO  [main] [com.sap.persistenceservice.refapp.config.DatabaseConfiguration] [] load_test_config table is created
2021-07-26 13:51:12.522 INFO  [main] [com.sap.persistenceservice.refapp.config.DatabaseConfiguration] [] Successfully connected to the database
2021-07-26 13:51:12.618 INFO  [main] [org.hibernate.jpa.internal.util.LogHelper] [] HHH000204: Processing PersistenceUnitInfo [name: default]
2021-07-26 13:51:12.691 INFO  [main] [org.hibernate.Version] [] HHH000412: Hibernate ORM core version 5.4.31.Final
2021-07-26 13:51:12.823 INFO  [main] [org.hibernate.annotations.common.Version] [] HCANN000001: Hibernate Commons Annotations {5.1.2.Final}
2021-07-26 13:51:13.006 INFO  [main] [org.hibernate.dialect.Dialect] [] HHH000400: Using dialect: org.hibernate.dialect.H2Dialect
2021-07-26 13:51:13.603 INFO  [main] [org.hibernate.engine.transaction.jta.platform.internal.JtaPlatformInitiator] [] HHH000490: Using JtaPlatform implementation: [org.hibernate.engine.transaction.jta.platform.internal.NoJtaPlatform]
2021-07-26 13:51:13.612 INFO  [main] [org.springframework.orm.jpa.LocalContainerEntityManagerFactoryBean] [] Initialized JPA EntityManagerFactory for persistence unit 'default'
2021-07-26 13:51:14.268 WARN  [main] [org.springframework.boot.autoconfigure.orm.jpa.JpaBaseConfiguration$JpaWebConfiguration] [] spring.jpa.open-in-view is enabled by default. Therefore, database queries may be performed during view rendering. Explicitly configure spring.jpa.open-in-view to disable this warning
2021-07-26 13:51:14.441 INFO  [main] [org.springframework.scheduling.concurrent.ThreadPoolTaskExecutor] [] Initializing ExecutorService 'applicationTaskExecutor'
2021-07-26 13:51:15.498 INFO  [main] [org.apache.catalina.core.ContainerBase.[Tomcat].[localhost].[/]] [] Initializing Spring TestDispatcherServlet ''
2021-07-26 13:51:15.498 INFO  [main] [org.springframework.test.web.servlet.TestDispatcherServlet] [] Initializing Servlet ''
2021-07-26 13:51:15.512 INFO  [main] [org.springframework.test.web.servlet.TestDispatcherServlet] [] Completed initialization in 14 ms
2021-07-26 13:51:15.595 INFO  [main] [org.apache.coyote.http11.Http11NioProtocol] [] Starting ProtocolHandler ["http-nio-auto-1"]
2021-07-26 13:51:15.631 INFO  [main] [org.springframework.boot.web.embedded.tomcat.TomcatWebServer] [] Tomcat started on port(s): 62662 (http) with context path ''
2021-07-26 13:51:15.643 INFO  [main] [com.sap.persistenceservicerefapp.PersistenceServiceRefAppApplicationTest] [] Started PersistenceServiceRefAppApplicationTest in 5.448 seconds (JVM running for 6.232)
2021-07-26 13:51:15.685 INFO  [SpringContextShutdownHook] [org.springframework.scheduling.concurrent.ThreadPoolTaskExecutor] [] Shutting down ExecutorService 'applicationTaskExecutor'
2021-07-26 13:51:15.686 INFO  [SpringContextShutdownHook] [org.springframework.orm.jpa.LocalContainerEntityManagerFactoryBean] [] Closing JPA EntityManagerFactory for persistence unit 'default'
