2021-07-28 09:22:07.573 INFO  [main] [org.springframework.boot.test.context.SpringBootTestContextBootstrapper] [] Neither @ContextConfiguration nor @ContextHierarchy found for test class [com.sap.persistenceservicerefapp.PersistenceServiceRefAppApplicationTest], using SpringBootContextLoader
2021-07-28 09:22:07.582 INFO  [main] [org.springframework.test.context.support.AbstractContextLoader] [] Could not detect default resource locations for test class [com.sap.persistenceservicerefapp.PersistenceServiceRefAppApplicationTest]: no resource found for suffixes {-context.xml, Context.groovy}.
2021-07-28 09:22:07.763 INFO  [main] [org.springframework.boot.test.context.SpringBootTestContextBootstrapper] [] Using TestExecutionListeners: [org.springframework.test.context.support.DependencyInjectionTestExecutionListener@50b5ac82]
2021-07-28 09:22:07.770 INFO  [main] [org.springframework.boot.test.context.SpringBootTestContextBootstrapper] [] Neither @ContextConfiguration nor @ContextHierarchy found for test class [com.sap.persistenceservicerefapp.PersistenceServiceRefAppApplicationTest], using SpringBootContextLoader
2021-07-28 09:22:07.770 INFO  [main] [org.springframework.test.context.support.AbstractContextLoader] [] Could not detect default resource locations for test class [com.sap.persistenceservicerefapp.PersistenceServiceRefAppApplicationTest]: no resource found for suffixes {-context.xml, Context.groovy}.
2021-07-28 09:22:07.777 INFO  [main] [org.springframework.boot.test.context.SpringBootTestContextBootstrapper] [] Using TestExecutionListeners: [org.springframework.test.context.support.DependencyInjectionTestExecutionListener@1b1426f4]
2021-07-28 09:22:08.088 INFO  [main] [com.sap.persistenceservicerefapp.PersistenceServiceRefAppApplicationTest] [] Starting PersistenceServiceRefAppApplicationTest on C02Z6178LVDR with PID 16477 (started by i518044 in /Users/i518044/Documents/GitHub/persistence-service-ref-app/app)
2021-07-28 09:22:08.088 INFO  [main] [com.sap.persistenceservicerefapp.PersistenceServiceRefAppApplicationTest] [] The following profiles are active: test
2021-07-28 09:22:08.589 INFO  [main] [org.springframework.data.repository.config.RepositoryConfigurationDelegate] [] Bootstrapping Spring Data JPA repositories in DEFAULT mode.
2021-07-28 09:22:08.647 INFO  [main] [org.springframework.data.repository.config.RepositoryConfigurationDelegate] [] Finished Spring Data repository scanning in 49ms. Found 3 JPA repository interfaces.
2021-07-28 09:22:09.429 INFO  [main] [org.springframework.boot.web.embedded.tomcat.TomcatWebServer] [] Tomcat initialized with port(s): 0 (http)
2021-07-28 09:22:09.439 INFO  [main] [org.apache.coyote.http11.Http11NioProtocol] [] Initializing ProtocolHandler ["http-nio-auto-1"]
2021-07-28 09:22:09.439 INFO  [main] [org.apache.catalina.core.StandardService] [] Starting service [Tomcat]
2021-07-28 09:22:09.439 INFO  [main] [org.apache.catalina.core.StandardEngine] [] Starting Servlet engine: [Apache Tomcat/9.0.46]
2021-07-28 09:22:09.564 INFO  [main] [org.apache.catalina.core.ContainerBase.[Tomcat].[localhost].[/]] [] Initializing Spring embedded WebApplicationContext
2021-07-28 09:22:09.564 INFO  [main] [org.springframework.boot.web.servlet.context.ServletWebServerApplicationContext] [] Root WebApplicationContext: initialization completed in 1461 ms
2021-07-28 09:22:10.059 INFO  [main] [com.sap.persistenceservice.refapp.config.DatabaseConfiguration] [] Successfully connected to the database
2021-07-28 09:22:10.067 INFO  [main] [com.sap.persistenceservice.refapp.config.DatabaseConfiguration] [] Purchase order table is created
2021-07-28 09:22:10.068 INFO  [main] [com.sap.persistenceservice.refapp.config.DatabaseConfiguration] [] metric table is created
2021-07-28 09:22:10.069 INFO  [main] [com.sap.persistenceservice.refapp.config.DatabaseConfiguration] [] load_test_config table is created
2021-07-28 09:22:10.069 INFO  [main] [com.sap.persistenceservice.refapp.config.DatabaseConfiguration] [] Successfully connected to the database
2021-07-28 09:22:10.164 INFO  [main] [org.hibernate.jpa.internal.util.LogHelper] [] HHH000204: Processing PersistenceUnitInfo [name: default]
2021-07-28 09:22:10.241 INFO  [main] [org.hibernate.Version] [] HHH000412: Hibernate ORM core version 5.4.31.Final
2021-07-28 09:22:10.398 INFO  [main] [org.hibernate.annotations.common.Version] [] HCANN000001: Hibernate Commons Annotations {5.1.2.Final}
2021-07-28 09:22:10.571 INFO  [main] [org.hibernate.dialect.Dialect] [] HHH000400: Using dialect: org.hibernate.dialect.H2Dialect
2021-07-28 09:22:11.107 INFO  [main] [org.hibernate.engine.transaction.jta.platform.internal.JtaPlatformInitiator] [] HHH000490: Using JtaPlatform implementation: [org.hibernate.engine.transaction.jta.platform.internal.NoJtaPlatform]
2021-07-28 09:22:11.117 INFO  [main] [org.springframework.orm.jpa.LocalContainerEntityManagerFactoryBean] [] Initialized JPA EntityManagerFactory for persistence unit 'default'
2021-07-28 09:22:11.778 WARN  [main] [org.springframework.boot.autoconfigure.orm.jpa.JpaBaseConfiguration$JpaWebConfiguration] [] spring.jpa.open-in-view is enabled by default. Therefore, database queries may be performed during view rendering. Explicitly configure spring.jpa.open-in-view to disable this warning
2021-07-28 09:22:11.947 INFO  [main] [org.springframework.scheduling.concurrent.ThreadPoolTaskExecutor] [] Initializing ExecutorService 'applicationTaskExecutor'
2021-07-28 09:22:13.035 INFO  [main] [org.apache.catalina.core.ContainerBase.[Tomcat].[localhost].[/]] [] Initializing Spring TestDispatcherServlet ''
2021-07-28 09:22:13.035 INFO  [main] [org.springframework.test.web.servlet.TestDispatcherServlet] [] Initializing Servlet ''
2021-07-28 09:22:13.048 INFO  [main] [org.springframework.test.web.servlet.TestDispatcherServlet] [] Completed initialization in 13 ms
2021-07-28 09:22:13.129 INFO  [main] [org.apache.coyote.http11.Http11NioProtocol] [] Starting ProtocolHandler ["http-nio-auto-1"]
2021-07-28 09:22:13.174 INFO  [main] [org.springframework.boot.web.embedded.tomcat.TomcatWebServer] [] Tomcat started on port(s): 58387 (http) with context path ''
2021-07-28 09:22:13.185 INFO  [main] [com.sap.persistenceservicerefapp.PersistenceServiceRefAppApplicationTest] [] Started PersistenceServiceRefAppApplicationTest in 5.372 seconds (JVM running for 6.124)
2021-07-28 09:22:13.222 INFO  [SpringContextShutdownHook] [org.springframework.scheduling.concurrent.ThreadPoolTaskExecutor] [] Shutting down ExecutorService 'applicationTaskExecutor'
2021-07-28 09:22:13.224 INFO  [SpringContextShutdownHook] [org.springframework.orm.jpa.LocalContainerEntityManagerFactoryBean] [] Closing JPA EntityManagerFactory for persistence unit 'default'
2021-07-28 09:50:24.249 INFO  [main] [org.springframework.boot.test.context.SpringBootTestContextBootstrapper] [] Neither @ContextConfiguration nor @ContextHierarchy found for test class [com.sap.persistenceservicerefapp.PersistenceServiceRefAppApplicationTest], using SpringBootContextLoader
2021-07-28 09:50:24.253 INFO  [main] [org.springframework.test.context.support.AbstractContextLoader] [] Could not detect default resource locations for test class [com.sap.persistenceservicerefapp.PersistenceServiceRefAppApplicationTest]: no resource found for suffixes {-context.xml, Context.groovy}.
2021-07-28 09:50:24.442 INFO  [main] [org.springframework.boot.test.context.SpringBootTestContextBootstrapper] [] Using TestExecutionListeners: [org.springframework.test.context.support.DependencyInjectionTestExecutionListener@446293d]
2021-07-28 09:50:24.449 INFO  [main] [org.springframework.boot.test.context.SpringBootTestContextBootstrapper] [] Neither @ContextConfiguration nor @ContextHierarchy found for test class [com.sap.persistenceservicerefapp.PersistenceServiceRefAppApplicationTest], using SpringBootContextLoader
2021-07-28 09:50:24.450 INFO  [main] [org.springframework.test.context.support.AbstractContextLoader] [] Could not detect default resource locations for test class [com.sap.persistenceservicerefapp.PersistenceServiceRefAppApplicationTest]: no resource found for suffixes {-context.xml, Context.groovy}.
2021-07-28 09:50:24.455 INFO  [main] [org.springframework.boot.test.context.SpringBootTestContextBootstrapper] [] Using TestExecutionListeners: [org.springframework.test.context.support.DependencyInjectionTestExecutionListener@3e84448c]
2021-07-28 09:50:25.258 INFO  [main] [com.sap.persistenceservicerefapp.PersistenceServiceRefAppApplicationTest] [] Starting PersistenceServiceRefAppApplicationTest on C02Z6178LVDR with PID 17089 (started by i518044 in /Users/i518044/Documents/GitHub/persistence-service-ref-app/app)
2021-07-28 09:50:25.259 INFO  [main] [com.sap.persistenceservicerefapp.PersistenceServiceRefAppApplicationTest] [] The following profiles are active: test
2021-07-28 09:50:25.766 INFO  [main] [org.springframework.data.repository.config.RepositoryConfigurationDelegate] [] Bootstrapping Spring Data JPA repositories in DEFAULT mode.
2021-07-28 09:50:25.829 INFO  [main] [org.springframework.data.repository.config.RepositoryConfigurationDelegate] [] Finished Spring Data repository scanning in 50ms. Found 3 JPA repository interfaces.
2021-07-28 09:50:26.586 INFO  [main] [org.springframework.boot.web.embedded.tomcat.TomcatWebServer] [] Tomcat initialized with port(s): 0 (http)
2021-07-28 09:50:26.601 INFO  [main] [org.apache.coyote.http11.Http11NioProtocol] [] Initializing ProtocolHandler ["http-nio-auto-1"]
2021-07-28 09:50:26.602 INFO  [main] [org.apache.catalina.core.StandardService] [] Starting service [Tomcat]
2021-07-28 09:50:26.603 INFO  [main] [org.apache.catalina.core.StandardEngine] [] Starting Servlet engine: [Apache Tomcat/9.0.46]
2021-07-28 09:50:26.701 INFO  [main] [org.apache.catalina.core.ContainerBase.[Tomcat].[localhost].[/]] [] Initializing Spring embedded WebApplicationContext
2021-07-28 09:50:26.701 INFO  [main] [org.springframework.boot.web.servlet.context.ServletWebServerApplicationContext] [] Root WebApplicationContext: initialization completed in 1425 ms
2021-07-28 09:50:27.182 INFO  [main] [com.sap.persistenceservice.refapp.config.DatabaseConfiguration] [] Successfully connected to the database
2021-07-28 09:50:27.191 INFO  [main] [com.sap.persistenceservice.refapp.config.DatabaseConfiguration] [] Purchase order table is created
2021-07-28 09:50:27.192 INFO  [main] [com.sap.persistenceservice.refapp.config.DatabaseConfiguration] [] metric table is created
2021-07-28 09:50:27.193 INFO  [main] [com.sap.persistenceservice.refapp.config.DatabaseConfiguration] [] load_test_config table is created
2021-07-28 09:50:27.193 INFO  [main] [com.sap.persistenceservice.refapp.config.DatabaseConfiguration] [] Successfully connected to the database
2021-07-28 09:50:27.291 INFO  [main] [org.hibernate.jpa.internal.util.LogHelper] [] HHH000204: Processing PersistenceUnitInfo [name: default]
2021-07-28 09:50:27.368 INFO  [main] [org.hibernate.Version] [] HHH000412: Hibernate ORM core version 5.4.31.Final
2021-07-28 09:50:27.532 INFO  [main] [org.hibernate.annotations.common.Version] [] HCANN000001: Hibernate Commons Annotations {5.1.2.Final}
2021-07-28 09:50:27.705 INFO  [main] [org.hibernate.dialect.Dialect] [] HHH000400: Using dialect: org.hibernate.dialect.H2Dialect
2021-07-28 09:50:28.286 INFO  [main] [org.hibernate.engine.transaction.jta.platform.internal.JtaPlatformInitiator] [] HHH000490: Using JtaPlatform implementation: [org.hibernate.engine.transaction.jta.platform.internal.NoJtaPlatform]
2021-07-28 09:50:28.295 INFO  [main] [org.springframework.orm.jpa.LocalContainerEntityManagerFactoryBean] [] Initialized JPA EntityManagerFactory for persistence unit 'default'
2021-07-28 09:50:28.895 WARN  [main] [org.springframework.boot.autoconfigure.orm.jpa.JpaBaseConfiguration$JpaWebConfiguration] [] spring.jpa.open-in-view is enabled by default. Therefore, database queries may be performed during view rendering. Explicitly configure spring.jpa.open-in-view to disable this warning
2021-07-28 09:50:29.042 INFO  [main] [org.springframework.scheduling.concurrent.ThreadPoolTaskExecutor] [] Initializing ExecutorService 'applicationTaskExecutor'
2021-07-28 09:50:30.077 INFO  [main] [org.apache.catalina.core.ContainerBase.[Tomcat].[localhost].[/]] [] Initializing Spring TestDispatcherServlet ''
2021-07-28 09:50:30.078 INFO  [main] [org.springframework.test.web.servlet.TestDispatcherServlet] [] Initializing Servlet ''
2021-07-28 09:50:30.089 INFO  [main] [org.springframework.test.web.servlet.TestDispatcherServlet] [] Completed initialization in 11 ms
2021-07-28 09:50:30.160 INFO  [main] [org.apache.coyote.http11.Http11NioProtocol] [] Starting ProtocolHandler ["http-nio-auto-1"]
2021-07-28 09:50:30.196 INFO  [main] [org.springframework.boot.web.embedded.tomcat.TomcatWebServer] [] Tomcat started on port(s): 59475 (http) with context path ''
2021-07-28 09:50:30.205 INFO  [main] [com.sap.persistenceservicerefapp.PersistenceServiceRefAppApplicationTest] [] Started PersistenceServiceRefAppApplicationTest in 5.714 seconds (JVM running for 6.501)
2021-07-28 09:50:30.243 INFO  [SpringContextShutdownHook] [org.springframework.scheduling.concurrent.ThreadPoolTaskExecutor] [] Shutting down ExecutorService 'applicationTaskExecutor'
2021-07-28 09:50:30.245 INFO  [SpringContextShutdownHook] [org.springframework.orm.jpa.LocalContainerEntityManagerFactoryBean] [] Closing JPA EntityManagerFactory for persistence unit 'default'
2021-07-28 10:57:07.926 INFO  [main] [org.springframework.boot.test.context.SpringBootTestContextBootstrapper] [] Neither @ContextConfiguration nor @ContextHierarchy found for test class [com.sap.persistenceservicerefapp.PersistenceServiceRefAppApplicationTest], using SpringBootContextLoader
2021-07-28 10:57:07.934 INFO  [main] [org.springframework.test.context.support.AbstractContextLoader] [] Could not detect default resource locations for test class [com.sap.persistenceservicerefapp.PersistenceServiceRefAppApplicationTest]: no resource found for suffixes {-context.xml, Context.groovy}.
2021-07-28 10:57:08.190 INFO  [main] [org.springframework.boot.test.context.SpringBootTestContextBootstrapper] [] Using TestExecutionListeners: [org.springframework.test.context.support.DependencyInjectionTestExecutionListener@446293d]
2021-07-28 10:57:08.202 INFO  [main] [org.springframework.boot.test.context.SpringBootTestContextBootstrapper] [] Neither @ContextConfiguration nor @ContextHierarchy found for test class [com.sap.persistenceservicerefapp.PersistenceServiceRefAppApplicationTest], using SpringBootContextLoader
2021-07-28 10:57:08.204 INFO  [main] [org.springframework.test.context.support.AbstractContextLoader] [] Could not detect default resource locations for test class [com.sap.persistenceservicerefapp.PersistenceServiceRefAppApplicationTest]: no resource found for suffixes {-context.xml, Context.groovy}.
2021-07-28 10:57:08.214 INFO  [main] [org.springframework.boot.test.context.SpringBootTestContextBootstrapper] [] Using TestExecutionListeners: [org.springframework.test.context.support.DependencyInjectionTestExecutionListener@3e84448c]
2021-07-28 10:57:08.833 INFO  [main] [com.sap.persistenceservicerefapp.PersistenceServiceRefAppApplicationTest] [] Starting PersistenceServiceRefAppApplicationTest on C02Z6178LVDR with PID 18091 (started by i518044 in /Users/i518044/Documents/GitHub/persistence-service-ref-app/app)
2021-07-28 10:57:08.833 INFO  [main] [com.sap.persistenceservicerefapp.PersistenceServiceRefAppApplicationTest] [] The following profiles are active: test
2021-07-28 10:57:09.554 INFO  [main] [org.springframework.data.repository.config.RepositoryConfigurationDelegate] [] Bootstrapping Spring Data JPA repositories in DEFAULT mode.
2021-07-28 10:57:09.630 INFO  [main] [org.springframework.data.repository.config.RepositoryConfigurationDelegate] [] Finished Spring Data repository scanning in 64ms. Found 3 JPA repository interfaces.
2021-07-28 10:57:10.891 INFO  [main] [org.springframework.boot.web.embedded.tomcat.TomcatWebServer] [] Tomcat initialized with port(s): 0 (http)
2021-07-28 10:57:10.912 INFO  [main] [org.apache.coyote.http11.Http11NioProtocol] [] Initializing ProtocolHandler ["http-nio-auto-1"]
2021-07-28 10:57:10.913 INFO  [main] [org.apache.catalina.core.StandardService] [] Starting service [Tomcat]
2021-07-28 10:57:10.914 INFO  [main] [org.apache.catalina.core.StandardEngine] [] Starting Servlet engine: [Apache Tomcat/9.0.46]
2021-07-28 10:57:11.115 INFO  [main] [org.apache.catalina.core.ContainerBase.[Tomcat].[localhost].[/]] [] Initializing Spring embedded WebApplicationContext
2021-07-28 10:57:11.116 INFO  [main] [org.springframework.boot.web.servlet.context.ServletWebServerApplicationContext] [] Root WebApplicationContext: initialization completed in 2259 ms
2021-07-28 10:57:11.902 INFO  [main] [com.sap.persistenceservice.refapp.config.DatabaseConfiguration] [] Successfully connected to the database
2021-07-28 10:57:11.914 INFO  [main] [com.sap.persistenceservice.refapp.config.DatabaseConfiguration] [] Purchase order table is created
2021-07-28 10:57:11.915 INFO  [main] [com.sap.persistenceservice.refapp.config.DatabaseConfiguration] [] metric table is created
2021-07-28 10:57:11.917 INFO  [main] [com.sap.persistenceservice.refapp.config.DatabaseConfiguration] [] load_test_config table is created
2021-07-28 10:57:11.917 INFO  [main] [com.sap.persistenceservice.refapp.config.DatabaseConfiguration] [] Successfully connected to the database
2021-07-28 10:57:12.073 INFO  [main] [org.hibernate.jpa.internal.util.LogHelper] [] HHH000204: Processing PersistenceUnitInfo [name: default]
2021-07-28 10:57:12.189 INFO  [main] [org.hibernate.Version] [] HHH000412: Hibernate ORM core version 5.4.31.Final
2021-07-28 10:57:12.442 INFO  [main] [org.hibernate.annotations.common.Version] [] HCANN000001: Hibernate Commons Annotations {5.1.2.Final}
2021-07-28 10:57:12.715 INFO  [main] [org.hibernate.dialect.Dialect] [] HHH000400: Using dialect: org.hibernate.dialect.H2Dialect
2021-07-28 10:57:13.599 INFO  [main] [org.hibernate.engine.transaction.jta.platform.internal.JtaPlatformInitiator] [] HHH000490: Using JtaPlatform implementation: [org.hibernate.engine.transaction.jta.platform.internal.NoJtaPlatform]
2021-07-28 10:57:13.613 INFO  [main] [org.springframework.orm.jpa.LocalContainerEntityManagerFactoryBean] [] Initialized JPA EntityManagerFactory for persistence unit 'default'
2021-07-28 10:57:14.639 WARN  [main] [org.springframework.boot.autoconfigure.orm.jpa.JpaBaseConfiguration$JpaWebConfiguration] [] spring.jpa.open-in-view is enabled by default. Therefore, database queries may be performed during view rendering. Explicitly configure spring.jpa.open-in-view to disable this warning
2021-07-28 10:57:14.936 INFO  [main] [org.springframework.scheduling.concurrent.ThreadPoolTaskExecutor] [] Initializing ExecutorService 'applicationTaskExecutor'
2021-07-28 10:57:16.762 INFO  [main] [org.apache.catalina.core.ContainerBase.[Tomcat].[localhost].[/]] [] Initializing Spring TestDispatcherServlet ''
2021-07-28 10:57:16.763 INFO  [main] [org.springframework.test.web.servlet.TestDispatcherServlet] [] Initializing Servlet ''
2021-07-28 10:57:16.786 INFO  [main] [org.springframework.test.web.servlet.TestDispatcherServlet] [] Completed initialization in 23 ms
2021-07-28 10:57:16.924 INFO  [main] [org.apache.coyote.http11.Http11NioProtocol] [] Starting ProtocolHandler ["http-nio-auto-1"]
2021-07-28 10:57:16.995 INFO  [main] [org.springframework.boot.web.embedded.tomcat.TomcatWebServer] [] Tomcat started on port(s): 61680 (http) with context path ''
2021-07-28 10:57:17.014 INFO  [main] [com.sap.persistenceservicerefapp.PersistenceServiceRefAppApplicationTest] [] Started PersistenceServiceRefAppApplicationTest in 8.747 seconds (JVM running for 9.916)
2021-07-28 10:57:17.083 INFO  [SpringContextShutdownHook] [org.springframework.scheduling.concurrent.ThreadPoolTaskExecutor] [] Shutting down ExecutorService 'applicationTaskExecutor'
2021-07-28 10:57:17.086 INFO  [SpringContextShutdownHook] [org.springframework.orm.jpa.LocalContainerEntityManagerFactoryBean] [] Closing JPA EntityManagerFactory for persistence unit 'default'
2021-07-28 12:48:58.923 INFO  [main] [org.springframework.boot.test.context.SpringBootTestContextBootstrapper] [] Neither @ContextConfiguration nor @ContextHierarchy found for test class [com.sap.persistenceservicerefapp.PersistenceServiceRefAppApplicationTest], using SpringBootContextLoader
2021-07-28 12:48:58.930 INFO  [main] [org.springframework.test.context.support.AbstractContextLoader] [] Could not detect default resource locations for test class [com.sap.persistenceservicerefapp.PersistenceServiceRefAppApplicationTest]: no resource found for suffixes {-context.xml, Context.groovy}.
2021-07-28 12:48:59.116 INFO  [main] [org.springframework.boot.test.context.SpringBootTestContextBootstrapper] [] Using TestExecutionListeners: [org.springframework.test.context.support.DependencyInjectionTestExecutionListener@446293d]
2021-07-28 12:48:59.124 INFO  [main] [org.springframework.boot.test.context.SpringBootTestContextBootstrapper] [] Neither @ContextConfiguration nor @ContextHierarchy found for test class [com.sap.persistenceservicerefapp.PersistenceServiceRefAppApplicationTest], using SpringBootContextLoader
2021-07-28 12:48:59.125 INFO  [main] [org.springframework.test.context.support.AbstractContextLoader] [] Could not detect default resource locations for test class [com.sap.persistenceservicerefapp.PersistenceServiceRefAppApplicationTest]: no resource found for suffixes {-context.xml, Context.groovy}.
2021-07-28 12:48:59.131 INFO  [main] [org.springframework.boot.test.context.SpringBootTestContextBootstrapper] [] Using TestExecutionListeners: [org.springframework.test.context.support.DependencyInjectionTestExecutionListener@3e84448c]
2021-07-28 12:49:03.895 INFO  [main] [com.sap.persistenceservicerefapp.PersistenceServiceRefAppApplicationTest] [] Starting PersistenceServiceRefAppApplicationTest on C02Z6178LVDR with PID 19592 (started by i518044 in /Users/i518044/Documents/GitHub/persistence-service-ref-app/app)
2021-07-28 12:49:03.896 INFO  [main] [com.sap.persistenceservicerefapp.PersistenceServiceRefAppApplicationTest] [] The following profiles are active: test
2021-07-28 12:49:04.396 INFO  [main] [org.springframework.data.repository.config.RepositoryConfigurationDelegate] [] Bootstrapping Spring Data JPA repositories in DEFAULT mode.
2021-07-28 12:49:04.456 INFO  [main] [org.springframework.data.repository.config.RepositoryConfigurationDelegate] [] Finished Spring Data repository scanning in 50ms. Found 3 JPA repository interfaces.
2021-07-28 12:49:05.292 INFO  [main] [org.springframework.boot.web.embedded.tomcat.TomcatWebServer] [] Tomcat initialized with port(s): 0 (http)
2021-07-28 12:49:05.303 INFO  [main] [org.apache.coyote.http11.Http11NioProtocol] [] Initializing ProtocolHandler ["http-nio-auto-1"]
2021-07-28 12:49:05.304 INFO  [main] [org.apache.catalina.core.StandardService] [] Starting service [Tomcat]
2021-07-28 12:49:05.304 INFO  [main] [org.apache.catalina.core.StandardEngine] [] Starting Servlet engine: [Apache Tomcat/9.0.46]
2021-07-28 12:49:05.402 INFO  [main] [org.apache.catalina.core.ContainerBase.[Tomcat].[localhost].[/]] [] Initializing Spring embedded WebApplicationContext
2021-07-28 12:49:05.402 INFO  [main] [org.springframework.boot.web.servlet.context.ServletWebServerApplicationContext] [] Root WebApplicationContext: initialization completed in 1492 ms
2021-07-28 12:49:05.870 INFO  [main] [com.sap.persistenceservice.refapp.config.DatabaseConfiguration] [] Successfully connected to the database
2021-07-28 12:49:05.879 INFO  [main] [com.sap.persistenceservice.refapp.config.DatabaseConfiguration] [] Purchase order table is created
2021-07-28 12:49:05.880 INFO  [main] [com.sap.persistenceservice.refapp.config.DatabaseConfiguration] [] metric table is created
2021-07-28 12:49:05.881 INFO  [main] [com.sap.persistenceservice.refapp.config.DatabaseConfiguration] [] load_test_config table is created
2021-07-28 12:49:05.881 INFO  [main] [com.sap.persistenceservice.refapp.config.DatabaseConfiguration] [] Successfully connected to the database
2021-07-28 12:49:05.974 INFO  [main] [org.hibernate.jpa.internal.util.LogHelper] [] HHH000204: Processing PersistenceUnitInfo [name: default]
2021-07-28 12:49:06.052 INFO  [main] [org.hibernate.Version] [] HHH000412: Hibernate ORM core version 5.4.31.Final
2021-07-28 12:49:06.204 INFO  [main] [org.hibernate.annotations.common.Version] [] HCANN000001: Hibernate Commons Annotations {5.1.2.Final}
2021-07-28 12:49:06.372 INFO  [main] [org.hibernate.dialect.Dialect] [] HHH000400: Using dialect: org.hibernate.dialect.H2Dialect
2021-07-28 12:49:06.920 INFO  [main] [org.hibernate.engine.transaction.jta.platform.internal.JtaPlatformInitiator] [] HHH000490: Using JtaPlatform implementation: [org.hibernate.engine.transaction.jta.platform.internal.NoJtaPlatform]
2021-07-28 12:49:06.928 INFO  [main] [org.springframework.orm.jpa.LocalContainerEntityManagerFactoryBean] [] Initialized JPA EntityManagerFactory for persistence unit 'default'
2021-07-28 12:49:07.562 WARN  [main] [org.springframework.boot.autoconfigure.orm.jpa.JpaBaseConfiguration$JpaWebConfiguration] [] spring.jpa.open-in-view is enabled by default. Therefore, database queries may be performed during view rendering. Explicitly configure spring.jpa.open-in-view to disable this warning
2021-07-28 12:49:07.728 INFO  [main] [org.springframework.scheduling.concurrent.ThreadPoolTaskExecutor] [] Initializing ExecutorService 'applicationTaskExecutor'
2021-07-28 12:49:08.815 INFO  [main] [org.apache.catalina.core.ContainerBase.[Tomcat].[localhost].[/]] [] Initializing Spring TestDispatcherServlet ''
2021-07-28 12:49:08.815 INFO  [main] [org.springframework.test.web.servlet.TestDispatcherServlet] [] Initializing Servlet ''
2021-07-28 12:49:08.830 INFO  [main] [org.springframework.test.web.servlet.TestDispatcherServlet] [] Completed initialization in 15 ms
2021-07-28 12:49:08.912 INFO  [main] [org.apache.coyote.http11.Http11NioProtocol] [] Starting ProtocolHandler ["http-nio-auto-1"]
2021-07-28 12:49:08.952 INFO  [main] [org.springframework.boot.web.embedded.tomcat.TomcatWebServer] [] Tomcat started on port(s): 51218 (http) with context path ''
2021-07-28 12:49:08.961 INFO  [main] [com.sap.persistenceservicerefapp.PersistenceServiceRefAppApplicationTest] [] Started PersistenceServiceRefAppApplicationTest in 9.795 seconds (JVM running for 10.602)
2021-07-28 12:49:09.010 INFO  [SpringContextShutdownHook] [org.springframework.scheduling.concurrent.ThreadPoolTaskExecutor] [] Shutting down ExecutorService 'applicationTaskExecutor'
2021-07-28 12:49:09.011 INFO  [SpringContextShutdownHook] [org.springframework.orm.jpa.LocalContainerEntityManagerFactoryBean] [] Closing JPA EntityManagerFactory for persistence unit 'default'
2021-07-28 13:02:35.069 INFO  [main] [org.springframework.boot.test.context.SpringBootTestContextBootstrapper] [] Neither @ContextConfiguration nor @ContextHierarchy found for test class [com.sap.persistenceservicerefapp.PersistenceServiceRefAppApplicationTest], using SpringBootContextLoader
2021-07-28 13:02:35.073 INFO  [main] [org.springframework.test.context.support.AbstractContextLoader] [] Could not detect default resource locations for test class [com.sap.persistenceservicerefapp.PersistenceServiceRefAppApplicationTest]: no resource found for suffixes {-context.xml, Context.groovy}.
2021-07-28 13:02:35.226 INFO  [main] [org.springframework.boot.test.context.SpringBootTestContextBootstrapper] [] Using TestExecutionListeners: [org.springframework.test.context.support.DependencyInjectionTestExecutionListener@446293d]
2021-07-28 13:02:35.232 INFO  [main] [org.springframework.boot.test.context.SpringBootTestContextBootstrapper] [] Neither @ContextConfiguration nor @ContextHierarchy found for test class [com.sap.persistenceservicerefapp.PersistenceServiceRefAppApplicationTest], using SpringBootContextLoader
2021-07-28 13:02:35.233 INFO  [main] [org.springframework.test.context.support.AbstractContextLoader] [] Could not detect default resource locations for test class [com.sap.persistenceservicerefapp.PersistenceServiceRefAppApplicationTest]: no resource found for suffixes {-context.xml, Context.groovy}.
2021-07-28 13:02:35.239 INFO  [main] [org.springframework.boot.test.context.SpringBootTestContextBootstrapper] [] Using TestExecutionListeners: [org.springframework.test.context.support.DependencyInjectionTestExecutionListener@3e84448c]
2021-07-28 13:02:37.685 INFO  [main] [com.sap.persistenceservicerefapp.PersistenceServiceRefAppApplicationTest] [] Starting PersistenceServiceRefAppApplicationTest on C02Z6178LVDR with PID 19972 (started by i518044 in /Users/i518044/Documents/GitHub/persistence-service-ref-app/app)
2021-07-28 13:02:37.685 INFO  [main] [com.sap.persistenceservicerefapp.PersistenceServiceRefAppApplicationTest] [] The following profiles are active: test
2021-07-28 13:02:38.082 INFO  [main] [org.springframework.data.repository.config.RepositoryConfigurationDelegate] [] Bootstrapping Spring Data JPA repositories in DEFAULT mode.
2021-07-28 13:02:38.130 INFO  [main] [org.springframework.data.repository.config.RepositoryConfigurationDelegate] [] Finished Spring Data repository scanning in 42ms. Found 3 JPA repository interfaces.
2021-07-28 13:02:38.761 INFO  [main] [org.springframework.boot.web.embedded.tomcat.TomcatWebServer] [] Tomcat initialized with port(s): 0 (http)
2021-07-28 13:02:38.770 INFO  [main] [org.apache.coyote.http11.Http11NioProtocol] [] Initializing ProtocolHandler ["http-nio-auto-1"]
2021-07-28 13:02:38.770 INFO  [main] [org.apache.catalina.core.StandardService] [] Starting service [Tomcat]
2021-07-28 13:02:38.771 INFO  [main] [org.apache.catalina.core.StandardEngine] [] Starting Servlet engine: [Apache Tomcat/9.0.46]
2021-07-28 13:02:38.861 INFO  [main] [org.apache.catalina.core.ContainerBase.[Tomcat].[localhost].[/]] [] Initializing Spring embedded WebApplicationContext
2021-07-28 13:02:38.861 INFO  [main] [org.springframework.boot.web.servlet.context.ServletWebServerApplicationContext] [] Root WebApplicationContext: initialization completed in 1164 ms
2021-07-28 13:02:39.279 INFO  [main] [com.sap.persistenceservice.refapp.config.DatabaseConfiguration] [] Successfully connected to the database
2021-07-28 13:02:39.285 INFO  [main] [com.sap.persistenceservice.refapp.config.DatabaseConfiguration] [] Purchase order table is created
2021-07-28 13:02:39.286 INFO  [main] [com.sap.persistenceservice.refapp.config.DatabaseConfiguration] [] metric table is created
2021-07-28 13:02:39.287 INFO  [main] [com.sap.persistenceservice.refapp.config.DatabaseConfiguration] [] load_test_config table is created
2021-07-28 13:02:39.287 INFO  [main] [com.sap.persistenceservice.refapp.config.DatabaseConfiguration] [] Successfully connected to the database
2021-07-28 13:02:39.368 INFO  [main] [org.hibernate.jpa.internal.util.LogHelper] [] HHH000204: Processing PersistenceUnitInfo [name: default]
2021-07-28 13:02:39.427 INFO  [main] [org.hibernate.Version] [] HHH000412: Hibernate ORM core version 5.4.31.Final
2021-07-28 13:02:39.551 INFO  [main] [org.hibernate.annotations.common.Version] [] HCANN000001: Hibernate Commons Annotations {5.1.2.Final}
2021-07-28 13:02:39.689 INFO  [main] [org.hibernate.dialect.Dialect] [] HHH000400: Using dialect: org.hibernate.dialect.H2Dialect
2021-07-28 13:02:40.173 INFO  [main] [org.hibernate.engine.transaction.jta.platform.internal.JtaPlatformInitiator] [] HHH000490: Using JtaPlatform implementation: [org.hibernate.engine.transaction.jta.platform.internal.NoJtaPlatform]
2021-07-28 13:02:40.180 INFO  [main] [org.springframework.orm.jpa.LocalContainerEntityManagerFactoryBean] [] Initialized JPA EntityManagerFactory for persistence unit 'default'
2021-07-28 13:02:40.788 WARN  [main] [org.springframework.boot.autoconfigure.orm.jpa.JpaBaseConfiguration$JpaWebConfiguration] [] spring.jpa.open-in-view is enabled by default. Therefore, database queries may be performed during view rendering. Explicitly configure spring.jpa.open-in-view to disable this warning
2021-07-28 13:02:40.940 INFO  [main] [org.springframework.scheduling.concurrent.ThreadPoolTaskExecutor] [] Initializing ExecutorService 'applicationTaskExecutor'
2021-07-28 13:02:41.972 INFO  [main] [org.apache.catalina.core.ContainerBase.[Tomcat].[localhost].[/]] [] Initializing Spring TestDispatcherServlet ''
2021-07-28 13:02:41.973 INFO  [main] [org.springframework.test.web.servlet.TestDispatcherServlet] [] Initializing Servlet ''
2021-07-28 13:02:41.986 INFO  [main] [org.springframework.test.web.servlet.TestDispatcherServlet] [] Completed initialization in 13 ms
2021-07-28 13:02:42.064 INFO  [main] [org.apache.coyote.http11.Http11NioProtocol] [] Starting ProtocolHandler ["http-nio-auto-1"]
2021-07-28 13:02:42.106 INFO  [main] [org.springframework.boot.web.embedded.tomcat.TomcatWebServer] [] Tomcat started on port(s): 52882 (http) with context path ''
2021-07-28 13:02:42.114 INFO  [main] [com.sap.persistenceservicerefapp.PersistenceServiceRefAppApplicationTest] [] Started PersistenceServiceRefAppApplicationTest in 6.848 seconds (JVM running for 7.586)
2021-07-28 13:02:42.152 INFO  [SpringContextShutdownHook] [org.springframework.scheduling.concurrent.ThreadPoolTaskExecutor] [] Shutting down ExecutorService 'applicationTaskExecutor'
2021-07-28 13:02:42.153 INFO  [SpringContextShutdownHook] [org.springframework.orm.jpa.LocalContainerEntityManagerFactoryBean] [] Closing JPA EntityManagerFactory for persistence unit 'default'
2021-07-28 13:18:25.364 INFO  [main] [org.springframework.boot.test.context.SpringBootTestContextBootstrapper] [] Neither @ContextConfiguration nor @ContextHierarchy found for test class [com.sap.persistenceservicerefapp.PersistenceServiceRefAppApplicationTest], using SpringBootContextLoader
2021-07-28 13:18:25.368 INFO  [main] [org.springframework.test.context.support.AbstractContextLoader] [] Could not detect default resource locations for test class [com.sap.persistenceservicerefapp.PersistenceServiceRefAppApplicationTest]: no resource found for suffixes {-context.xml, Context.groovy}.
2021-07-28 13:18:25.523 INFO  [main] [org.springframework.boot.test.context.SpringBootTestContextBootstrapper] [] Using TestExecutionListeners: [org.springframework.test.context.support.DependencyInjectionTestExecutionListener@446293d]
2021-07-28 13:18:25.530 INFO  [main] [org.springframework.boot.test.context.SpringBootTestContextBootstrapper] [] Neither @ContextConfiguration nor @ContextHierarchy found for test class [com.sap.persistenceservicerefapp.PersistenceServiceRefAppApplicationTest], using SpringBootContextLoader
2021-07-28 13:18:25.532 INFO  [main] [org.springframework.test.context.support.AbstractContextLoader] [] Could not detect default resource locations for test class [com.sap.persistenceservicerefapp.PersistenceServiceRefAppApplicationTest]: no resource found for suffixes {-context.xml, Context.groovy}.
2021-07-28 13:18:25.538 INFO  [main] [org.springframework.boot.test.context.SpringBootTestContextBootstrapper] [] Using TestExecutionListeners: [org.springframework.test.context.support.DependencyInjectionTestExecutionListener@3e84448c]
2021-07-28 13:18:27.995 INFO  [main] [com.sap.persistenceservicerefapp.PersistenceServiceRefAppApplicationTest] [] Starting PersistenceServiceRefAppApplicationTest on C02Z6178LVDR with PID 20310 (started by i518044 in /Users/i518044/Documents/GitHub/persistence-service-ref-app/app)
2021-07-28 13:18:27.996 INFO  [main] [com.sap.persistenceservicerefapp.PersistenceServiceRefAppApplicationTest] [] The following profiles are active: test
2021-07-28 13:18:28.448 INFO  [main] [org.springframework.data.repository.config.RepositoryConfigurationDelegate] [] Bootstrapping Spring Data JPA repositories in DEFAULT mode.
2021-07-28 13:18:28.498 INFO  [main] [org.springframework.data.repository.config.RepositoryConfigurationDelegate] [] Finished Spring Data repository scanning in 41ms. Found 3 JPA repository interfaces.
2021-07-28 13:18:29.129 INFO  [main] [org.springframework.boot.web.embedded.tomcat.TomcatWebServer] [] Tomcat initialized with port(s): 0 (http)
2021-07-28 13:18:29.137 INFO  [main] [org.apache.coyote.http11.Http11NioProtocol] [] Initializing ProtocolHandler ["http-nio-auto-1"]
2021-07-28 13:18:29.138 INFO  [main] [org.apache.catalina.core.StandardService] [] Starting service [Tomcat]
2021-07-28 13:18:29.138 INFO  [main] [org.apache.catalina.core.StandardEngine] [] Starting Servlet engine: [Apache Tomcat/9.0.46]
2021-07-28 13:18:29.230 INFO  [main] [org.apache.catalina.core.ContainerBase.[Tomcat].[localhost].[/]] [] Initializing Spring embedded WebApplicationContext
2021-07-28 13:18:29.230 INFO  [main] [org.springframework.boot.web.servlet.context.ServletWebServerApplicationContext] [] Root WebApplicationContext: initialization completed in 1222 ms
2021-07-28 13:18:29.649 INFO  [main] [com.sap.persistenceservice.refapp.config.DatabaseConfiguration] [] Successfully connected to the database
2021-07-28 13:18:29.656 INFO  [main] [com.sap.persistenceservice.refapp.config.DatabaseConfiguration] [] Purchase order table is created
2021-07-28 13:18:29.657 INFO  [main] [com.sap.persistenceservice.refapp.config.DatabaseConfiguration] [] metric table is created
2021-07-28 13:18:29.658 INFO  [main] [com.sap.persistenceservice.refapp.config.DatabaseConfiguration] [] load_test_config table is created
2021-07-28 13:18:29.658 INFO  [main] [com.sap.persistenceservice.refapp.config.DatabaseConfiguration] [] Successfully connected to the database
2021-07-28 13:18:29.749 INFO  [main] [org.hibernate.jpa.internal.util.LogHelper] [] HHH000204: Processing PersistenceUnitInfo [name: default]
2021-07-28 13:18:29.802 INFO  [main] [org.hibernate.Version] [] HHH000412: Hibernate ORM core version 5.4.31.Final
2021-07-28 13:18:29.921 INFO  [main] [org.hibernate.annotations.common.Version] [] HCANN000001: Hibernate Commons Annotations {5.1.2.Final}
2021-07-28 13:18:30.061 INFO  [main] [org.hibernate.dialect.Dialect] [] HHH000400: Using dialect: org.hibernate.dialect.H2Dialect
2021-07-28 13:18:30.548 INFO  [main] [org.hibernate.engine.transaction.jta.platform.internal.JtaPlatformInitiator] [] HHH000490: Using JtaPlatform implementation: [org.hibernate.engine.transaction.jta.platform.internal.NoJtaPlatform]
2021-07-28 13:18:30.555 INFO  [main] [org.springframework.orm.jpa.LocalContainerEntityManagerFactoryBean] [] Initialized JPA EntityManagerFactory for persistence unit 'default'
2021-07-28 13:18:31.161 WARN  [main] [org.springframework.boot.autoconfigure.orm.jpa.JpaBaseConfiguration$JpaWebConfiguration] [] spring.jpa.open-in-view is enabled by default. Therefore, database queries may be performed during view rendering. Explicitly configure spring.jpa.open-in-view to disable this warning
2021-07-28 13:18:31.311 INFO  [main] [org.springframework.scheduling.concurrent.ThreadPoolTaskExecutor] [] Initializing ExecutorService 'applicationTaskExecutor'
2021-07-28 13:18:32.536 INFO  [main] [org.apache.catalina.core.ContainerBase.[Tomcat].[localhost].[/]] [] Initializing Spring TestDispatcherServlet ''
2021-07-28 13:18:32.536 INFO  [main] [org.springframework.test.web.servlet.TestDispatcherServlet] [] Initializing Servlet ''
2021-07-28 13:18:32.549 INFO  [main] [org.springframework.test.web.servlet.TestDispatcherServlet] [] Completed initialization in 13 ms
2021-07-28 13:18:32.625 INFO  [main] [org.apache.coyote.http11.Http11NioProtocol] [] Starting ProtocolHandler ["http-nio-auto-1"]
2021-07-28 13:18:32.669 INFO  [main] [org.springframework.boot.web.embedded.tomcat.TomcatWebServer] [] Tomcat started on port(s): 54830 (http) with context path ''
2021-07-28 13:18:32.679 INFO  [main] [com.sap.persistenceservicerefapp.PersistenceServiceRefAppApplicationTest] [] Started PersistenceServiceRefAppApplicationTest in 7.107 seconds (JVM running for 7.828)
2021-07-28 13:18:32.724 INFO  [SpringContextShutdownHook] [org.springframework.scheduling.concurrent.ThreadPoolTaskExecutor] [] Shutting down ExecutorService 'applicationTaskExecutor'
2021-07-28 13:18:32.725 INFO  [SpringContextShutdownHook] [org.springframework.orm.jpa.LocalContainerEntityManagerFactoryBean] [] Closing JPA EntityManagerFactory for persistence unit 'default'
